This is pdfTeX, Version 3.1415926-2.5-1.40.13(web2c) (format=latex 2013.5.31)  20 DEC 2016 11:37
entering extended mode
**/storage/emulated/0/Android/data/com.manichord.mgit/files/repo/magister/base.
tex

(/storage/emulated/0/Android/data/com.manichord.mgit/files/repo/magister/base.t
ex
LaTeX2e <2011/06/27>
Babel <v3.8m> and hyphenation patterns for english, dumylang, nohyphenation, ge
rman-x-2012-05-30, ngerman-x-2012-05-30, afrikaans, ancientgreek, ibycus, arabi
c, armenian, basque, bulgarian, catalan, pinyin, coptic, croatian, czech, danis
h, dutch, ukenglish, usenglishmax, esperanto, estonian, ethiopic, farsi, finnis
h, french, friulan, galician, german, ngerman, swissgerman, monogreek, greek, h
ungarian, icelandic, assamese, bengali, gujarati, hindi, kannada, malayalam, ma
rathi, oriya, panjabi, tamil, telugu, indonesian, interlingua, irish, italian, 
kurmanji, latin, latvian, lithuanian, mongolian, mongolianlmc, bokmal, nynorsk,
 polish, portuguese, romanian, romansh, russian, sanskrit, serbian, serbianc, s
lovak, slovenian, spanish, swedish, turkish, turkmen, ukrainian, uppersorbian, 
welsh, loaded.

(/storage/emulated/0/Android/data/com.litchie.texwriter/texmf-local/TeXinput/su
bfiles.cls
Document Class: subfiles 2012/05/23 Federico Garcia

(/storage/emulated/0/Android/data/com.litchie.texwriter/texmf-local/TeXinput/ve
rbatim.sty
Package: verbatim 2003/08/22 v1.5q LaTeX2e package for verbatim enhancements
\every@verbatim=\toks14
\verbatim@line=\toks15
\verbatim@in@stream=\read1
)
Preamble taken from file `text.tex'
(text.tex
(/storage/emulated/0/Android/data/com.litchie.texwriter/texmf-dist/TeXinput/art
icle.cls
Document Class: article 2007/10/19 v1.4h Standard LaTeX document class

(/storage/emulated/0/Android/data/com.litchie.texwriter/texmf-dist/TeXinput/siz
e11.clo
File: size11.clo 2007/10/19 v1.4h Standard LaTeX file (size option)
)
\c@part=\count79
\c@section=\count80
\c@subsection=\count81
\c@subsubsection=\count82
\c@paragraph=\count83
\c@subparagraph=\count84
\c@figure=\count85
\c@table=\count86
\abovecaptionskip=\skip41
\belowcaptionskip=\skip42
\bibindent=\dimen102
)
(/storage/emulated/0/Android/data/com.litchie.texwriter/texmf-dist/TeXinput/inp
utenc.sty
Package: inputenc 2008/03/30 v1.1d Input encoding file
\inpenc@prehook=\toks16
\inpenc@posthook=\toks17

(/storage/emulated/0/Android/data/com.litchie.texwriter/texmf-dist/TeXinput/utf
8.def
File: utf8.def 2008/04/05 v1.1m UTF-8 support for inputenc
Now handling font encoding OML ...
... no UTF-8 mapping file for font encoding OML
Now handling font encoding T1 ...
... processing UTF-8 mapping file for font encoding T1

(/storage/emulated/0/Android/data/com.litchie.texwriter/texmf-dist/TeXinput/t1e
nc.dfu
File: t1enc.dfu 2008/04/05 v1.1m UTF-8 support for inputenc
   defining Unicode char U+00A1 (decimal 161)
   defining Unicode char U+00A3 (decimal 163)
   defining Unicode char U+00AB (decimal 171)
   defining Unicode char U+00BB (decimal 187)
   defining Unicode char U+00BF (decimal 191)
   defining Unicode char U+00C0 (decimal 192)
   defining Unicode char U+00C1 (decimal 193)
   defining Unicode char U+00C2 (decimal 194)
   defining Unicode char U+00C3 (decimal 195)
   defining Unicode char U+00C4 (decimal 196)
   defining Unicode char U+00C5 (decimal 197)
   defining Unicode char U+00C6 (decimal 198)
   defining Unicode char U+00C7 (decimal 199)
   defining Unicode char U+00C8 (decimal 200)
   defining Unicode char U+00C9 (decimal 201)
   defining Unicode char U+00CA (decimal 202)
   defining Unicode char U+00CB (decimal 203)
   defining Unicode char U+00CC (decimal 204)
   defining Unicode char U+00CD (decimal 205)
   defining Unicode char U+00CE (decimal 206)
   defining Unicode char U+00CF (decimal 207)
   defining Unicode char U+00D0 (decimal 208)
   defining Unicode char U+00D1 (decimal 209)
   defining Unicode char U+00D2 (decimal 210)
   defining Unicode char U+00D3 (decimal 211)
   defining Unicode char U+00D4 (decimal 212)
   defining Unicode char U+00D5 (decimal 213)
   defining Unicode char U+00D6 (decimal 214)
   defining Unicode char U+00D8 (decimal 216)
   defining Unicode char U+00D9 (decimal 217)
   defining Unicode char U+00DA (decimal 218)
   defining Unicode char U+00DB (decimal 219)
   defining Unicode char U+00DC (decimal 220)
   defining Unicode char U+00DD (decimal 221)
   defining Unicode char U+00DE (decimal 222)
   defining Unicode char U+00DF (decimal 223)
   defining Unicode char U+00E0 (decimal 224)
   defining Unicode char U+00E1 (decimal 225)
   defining Unicode char U+00E2 (decimal 226)
   defining Unicode char U+00E3 (decimal 227)
   defining Unicode char U+00E4 (decimal 228)
   defining Unicode char U+00E5 (decimal 229)
   defining Unicode char U+00E6 (decimal 230)
   defining Unicode char U+00E7 (decimal 231)
   defining Unicode char U+00E8 (decimal 232)
   defining Unicode char U+00E9 (decimal 233)
   defining Unicode char U+00EA (decimal 234)
   defining Unicode char U+00EB (decimal 235)
   defining Unicode char U+00EC (decimal 236)
   defining Unicode char U+00ED (decimal 237)
   defining Unicode char U+00EE (decimal 238)
   defining Unicode char U+00EF (decimal 239)
   defining Unicode char U+00F0 (decimal 240)
   defining Unicode char U+00F1 (decimal 241)
   defining Unicode char U+00F2 (decimal 242)
   defining Unicode char U+00F3 (decimal 243)
   defining Unicode char U+00F4 (decimal 244)
   defining Unicode char U+00F5 (decimal 245)
   defining Unicode char U+00F6 (decimal 246)
   defining Unicode char U+00F8 (decimal 248)
   defining Unicode char U+00F9 (decimal 249)
   defining Unicode char U+00FA (decimal 250)
   defining Unicode char U+00FB (decimal 251)
   defining Unicode char U+00FC (decimal 252)
   defining Unicode char U+00FD (decimal 253)
   defining Unicode char U+00FE (decimal 254)
   defining Unicode char U+00FF (decimal 255)
   defining Unicode char U+0102 (decimal 258)
   defining Unicode char U+0103 (decimal 259)
   defining Unicode char U+0104 (decimal 260)
   defining Unicode char U+0105 (decimal 261)
   defining Unicode char U+0106 (decimal 262)
   defining Unicode char U+0107 (decimal 263)
   defining Unicode char U+010C (decimal 268)
   defining Unicode char U+010D (decimal 269)
   defining Unicode char U+010E (decimal 270)
   defining Unicode char U+010F (decimal 271)
   defining Unicode char U+0110 (decimal 272)
   defining Unicode char U+0111 (decimal 273)
   defining Unicode char U+0118 (decimal 280)
   defining Unicode char U+0119 (decimal 281)
   defining Unicode char U+011A (decimal 282)
   defining Unicode char U+011B (decimal 283)
   defining Unicode char U+011E (decimal 286)
   defining Unicode char U+011F (decimal 287)
   defining Unicode char U+0130 (decimal 304)
   defining Unicode char U+0131 (decimal 305)
   defining Unicode char U+0132 (decimal 306)
   defining Unicode char U+0133 (decimal 307)
   defining Unicode char U+0139 (decimal 313)
   defining Unicode char U+013A (decimal 314)
   defining Unicode char U+013D (decimal 317)
   defining Unicode char U+013E (decimal 318)
   defining Unicode char U+0141 (decimal 321)
   defining Unicode char U+0142 (decimal 322)
   defining Unicode char U+0143 (decimal 323)
   defining Unicode char U+0144 (decimal 324)
   defining Unicode char U+0147 (decimal 327)
   defining Unicode char U+0148 (decimal 328)
   defining Unicode char U+014A (decimal 330)
   defining Unicode char U+014B (decimal 331)
   defining Unicode char U+0150 (decimal 336)
   defining Unicode char U+0151 (decimal 337)
   defining Unicode char U+0152 (decimal 338)
   defining Unicode char U+0153 (decimal 339)
   defining Unicode char U+0154 (decimal 340)
   defining Unicode char U+0155 (decimal 341)
   defining Unicode char U+0158 (decimal 344)
   defining Unicode char U+0159 (decimal 345)
   defining Unicode char U+015A (decimal 346)
   defining Unicode char U+015B (decimal 347)
   defining Unicode char U+015E (decimal 350)
   defining Unicode char U+015F (decimal 351)
   defining Unicode char U+0160 (decimal 352)
   defining Unicode char U+0161 (decimal 353)
   defining Unicode char U+0162 (decimal 354)
   defining Unicode char U+0163 (decimal 355)
   defining Unicode char U+0164 (decimal 356)
   defining Unicode char U+0165 (decimal 357)
   defining Unicode char U+016E (decimal 366)
   defining Unicode char U+016F (decimal 367)
   defining Unicode char U+0170 (decimal 368)
   defining Unicode char U+0171 (decimal 369)
   defining Unicode char U+0178 (decimal 376)
   defining Unicode char U+0179 (decimal 377)
   defining Unicode char U+017A (decimal 378)
   defining Unicode char U+017B (decimal 379)
   defining Unicode char U+017C (decimal 380)
   defining Unicode char U+017D (decimal 381)
   defining Unicode char U+017E (decimal 382)
   defining Unicode char U+200C (decimal 8204)
   defining Unicode char U+2013 (decimal 8211)
   defining Unicode char U+2014 (decimal 8212)
   defining Unicode char U+2018 (decimal 8216)
   defining Unicode char U+2019 (decimal 8217)
   defining Unicode char U+201A (decimal 8218)
   defining Unicode char U+201C (decimal 8220)
   defining Unicode char U+201D (decimal 8221)
   defining Unicode char U+201E (decimal 8222)
   defining Unicode char U+2030 (decimal 8240)
   defining Unicode char U+2031 (decimal 8241)
   defining Unicode char U+2039 (decimal 8249)
   defining Unicode char U+203A (decimal 8250)
   defining Unicode char U+2423 (decimal 9251)
)
Now handling font encoding OT1 ...
... processing UTF-8 mapping file for font encoding OT1

(/storage/emulated/0/Android/data/com.litchie.texwriter/texmf-dist/TeXinput/ot1
enc.dfu
File: ot1enc.dfu 2008/04/05 v1.1m UTF-8 support for inputenc
   defining Unicode char U+00A1 (decimal 161)
   defining Unicode char U+00A3 (decimal 163)
   defining Unicode char U+00B8 (decimal 184)
   defining Unicode char U+00BF (decimal 191)
   defining Unicode char U+00C5 (decimal 197)
   defining Unicode char U+00C6 (decimal 198)
   defining Unicode char U+00D8 (decimal 216)
   defining Unicode char U+00DF (decimal 223)
   defining Unicode char U+00E6 (decimal 230)
   defining Unicode char U+00EC (decimal 236)
   defining Unicode char U+00ED (decimal 237)
   defining Unicode char U+00EE (decimal 238)
   defining Unicode char U+00EF (decimal 239)
   defining Unicode char U+00F8 (decimal 248)
   defining Unicode char U+0131 (decimal 305)
   defining Unicode char U+0141 (decimal 321)
   defining Unicode char U+0142 (decimal 322)
   defining Unicode char U+0152 (decimal 338)
   defining Unicode char U+0153 (decimal 339)
   defining Unicode char U+2013 (decimal 8211)
   defining Unicode char U+2014 (decimal 8212)
   defining Unicode char U+2018 (decimal 8216)
   defining Unicode char U+2019 (decimal 8217)
   defining Unicode char U+201C (decimal 8220)
   defining Unicode char U+201D (decimal 8221)
)
Now handling font encoding OMS ...
... processing UTF-8 mapping file for font encoding OMS

(/storage/emulated/0/Android/data/com.litchie.texwriter/texmf-dist/TeXinput/oms
enc.dfu
File: omsenc.dfu 2008/04/05 v1.1m UTF-8 support for inputenc
   defining Unicode char U+00A7 (decimal 167)
   defining Unicode char U+00B6 (decimal 182)
   defining Unicode char U+00B7 (decimal 183)
   defining Unicode char U+2020 (decimal 8224)
   defining Unicode char U+2021 (decimal 8225)
   defining Unicode char U+2022 (decimal 8226)
)
Now handling font encoding OMX ...
... no UTF-8 mapping file for font encoding OMX
Now handling font encoding U ...
... no UTF-8 mapping file for font encoding U
   defining Unicode char U+00A9 (decimal 169)
   defining Unicode char U+00AA (decimal 170)
   defining Unicode char U+00AE (decimal 174)
   defining Unicode char U+00BA (decimal 186)
   defining Unicode char U+02C6 (decimal 710)
   defining Unicode char U+02DC (decimal 732)
   defining Unicode char U+200C (decimal 8204)
   defining Unicode char U+2026 (decimal 8230)
   defining Unicode char U+2122 (decimal 8482)
   defining Unicode char U+2423 (decimal 9251)
))
(/storage/emulated/0/Android/data/com.litchie.texwriter/texmf-dist/TeXinput/fon
tenc.sty
Package: fontenc 2005/09/27 v1.99g Standard LaTeX package

(/storage/emulated/0/Android/data/com.litchie.texwriter/texmf-local/TeXinput/il
2enc.def
File: il2enc.def 1997/08/20 CSLaTeX
Now handling font encoding IL2 ...
... no UTF-8 mapping file for font encoding IL2
)
LaTeX Font Info:    Try loading font information for IL2+cmr on input line 100.


(/storage/emulated/0/Android/data/com.litchie.texwriter/texmf-local/TeXinput/il
2cmr.fd
File: il2cmr.fd 1997/02/06 CSLaTeX font definitions
))
(/storage/emulated/0/Android/data/com.litchie.texwriter/texmf-local/TeXinput/ba
bel.sty
Package: babel 2008/07/08 v3.8m The Babel package

(/storage/emulated/0/Android/data/com.litchie.texwriter/texmf-local/TeXinput/en
glish.ldf
Language: english 2005/03/30 v3.3o English support from the babel system

(/storage/emulated/0/Android/data/com.litchie.texwriter/texmf-local/TeXinput/ba
bel.def
File: babel.def 2008/07/08 v3.8m Babel common definitions
\babel@savecnt=\count87
\U@D=\dimen103
)
\l@canadian = a dialect from \language\l@american 
\l@australian = a dialect from \language\l@british 
\l@newzealand = a dialect from \language\l@british 
))
(/storage/emulated/0/Android/data/com.litchie.texwriter/texmf-dist/TeXinput/ams
math.sty
Package: amsmath 2000/07/18 v2.13 AMS math features
\@mathmargin=\skip43

For additional information on amsmath, use the `?' option.

(/storage/emulated/0/Android/data/com.litchie.texwriter/texmf-dist/TeXinput/ams
text.sty
Package: amstext 2000/06/29 v2.01

(/storage/emulated/0/Android/data/com.litchie.texwriter/texmf-dist/TeXinput/ams
gen.sty
File: amsgen.sty 1999/11/30 v2.0
\@emptytoks=\toks18
\ex@=\dimen104
))
(/storage/emulated/0/Android/data/com.litchie.texwriter/texmf-dist/TeXinput/ams
bsy.sty
Package: amsbsy 1999/11/29 v1.2d
\pmbraise@=\dimen105
)
(/storage/emulated/0/Android/data/com.litchie.texwriter/texmf-dist/TeXinput/ams
opn.sty
Package: amsopn 1999/12/14 v2.01 operator names
)
\inf@bad=\count88
LaTeX Info: Redefining \frac on input line 211.
\uproot@=\count89
\leftroot@=\count90
LaTeX Info: Redefining \overline on input line 307.
\classnum@=\count91
\DOTSCASE@=\count92
LaTeX Info: Redefining \ldots on input line 379.
LaTeX Info: Redefining \dots on input line 382.
LaTeX Info: Redefining \cdots on input line 467.
\Mathstrutbox@=\box26
\strutbox@=\box27
\big@size=\dimen106
LaTeX Font Info:    Redeclaring font encoding OML on input line 567.
LaTeX Font Info:    Redeclaring font encoding OMS on input line 568.
\macc@depth=\count93
\c@MaxMatrixCols=\count94
\dotsspace@=\muskip10
\c@parentequation=\count95
\dspbrk@lvl=\count96
\tag@help=\toks19
\row@=\count97
\column@=\count98
\maxfields@=\count99
\andhelp@=\toks20
\eqnshift@=\dimen107
\alignsep@=\dimen108
\tagshift@=\dimen109
\tagwidth@=\dimen110
\totwidth@=\dimen111
\lineht@=\dimen112
\@envbody=\toks21
\multlinegap=\skip44
\multlinetaggap=\skip45
\mathdisplay@stack=\toks22
LaTeX Info: Redefining \[ on input line 2666.
LaTeX Info: Redefining \] on input line 2667.
)
(/storage/emulated/0/Android/data/com.litchie.texwriter/texmf-dist/TeXinput/ams
thm.sty
Package: amsthm 2009/07/02 v2.20.1
\thm@style=\toks23
\thm@bodyfont=\toks24
\thm@headfont=\toks25
\thm@notefont=\toks26
\thm@headpunct=\toks27
\thm@preskip=\skip46
\thm@postskip=\skip47
\thm@headsep=\skip48
\dth@everypar=\toks28
)
(/storage/emulated/0/Android/data/com.litchie.texwriter/texmf-local/TeXinput/ma
thtools.sty
Package: mathtools 2012/04/24 v1.12 mathematical typesetting tools

(/storage/emulated/0/Android/data/com.litchie.texwriter/texmf-dist/TeXinput/key
val.sty
Package: keyval 1999/03/16 v1.13 key=value parser (DPC)
\KV@toks@=\toks29
)
(/storage/emulated/0/Android/data/com.litchie.texwriter/texmf-local/TeXinput/ca
lc.sty
Package: calc 2007/08/22 v4.3 Infix arithmetic (KKT,FJ)
\calc@Acount=\count100
\calc@Bcount=\count101
\calc@Adimen=\dimen113
\calc@Bdimen=\dimen114
\calc@Askip=\skip49
\calc@Bskip=\skip50
LaTeX Info: Redefining \setlength on input line 76.
LaTeX Info: Redefining \addtolength on input line 77.
\calc@Ccount=\count102
\calc@Cskip=\skip51
)
(/storage/emulated/0/Android/data/com.litchie.texwriter/texmf-local/TeXinput/mh
setup.sty
Package: mhsetup 2010/01/21 v1.2a programming setup (MH)
)
\g_MT_multlinerow_int=\count103
\l_MT_multwidth_dim=\dimen115
\origjot=\skip52
\l_MT_shortvdotswithinadjustabove_dim=\dimen116
\l_MT_shortvdotswithinadjustbelow_dim=\dimen117
\l_MT_above_intertext_dim=\dimen118
\l_MT_below_intertext_dim=\dimen119
\l_MT_above_shortintertext_dim=\dimen120
\l_MT_below_shortintertext_dim=\dimen121
)
(/storage/emulated/0/Android/data/com.litchie.texwriter/texmf-dist/TeXinput/ams
fonts.sty
Package: amsfonts 2009/06/22 v3.00 Basic AMSFonts support
\symAMSa=\mathgroup4
\symAMSb=\mathgroup5
LaTeX Font Info:    Overwriting math alphabet `\mathfrak' in version `bold'
(Font)                  U/euf/m/n --> U/euf/b/n on input line 96.
)
(/storage/emulated/0/Android/data/com.litchie.texwriter/texmf-local/TeXinput/bo
oktabs.sty
Package: booktabs 2005/04/14 v1.61803 publication quality tables
\heavyrulewidth=\dimen122
\lightrulewidth=\dimen123
\cmidrulewidth=\dimen124
\belowrulesep=\dimen125
\belowbottomsep=\dimen126
\aboverulesep=\dimen127
\abovetopsep=\dimen128
\cmidrulesep=\dimen129
\cmidrulekern=\dimen130
\defaultaddspace=\dimen131
\@cmidla=\count104
\@cmidlb=\count105
\@aboverulesep=\dimen132
\@belowrulesep=\dimen133
\@thisruleclass=\count106
\@lastruleclass=\count107
\@thisrulewidth=\dimen134
)
(/storage/emulated/0/Android/data/com.litchie.texwriter/texmf-local/TeXinput/mu
ltirow.sty
\bigstrutjot=\dimen135
)
(/storage/emulated/0/Android/data/com.litchie.texwriter/texmf-local/TeXinput/dc
olumn.sty
Package: dcolumn 2001/05/28 v1.06 decimal alignment package (DPC)

(/storage/emulated/0/Android/data/com.litchie.texwriter/texmf-local/TeXinput/ar
ray.sty
Package: array 2008/09/09 v2.4c Tabular extension package (FMi)
\col@sep=\dimen136
\extrarowheight=\dimen137
\NC@list=\toks30
\extratabsurround=\skip53
\backup@length=\skip54
))
(/storage/emulated/0/Android/data/com.litchie.texwriter/texmf-local/TeXinput/ti
kz.sty
(/storage/emulated/0/Android/data/com.litchie.texwriter/texmf-local/TeXinput/pg
f.sty
(/storage/emulated/0/Android/data/com.litchie.texwriter/texmf-local/TeXinput/pg
frcs.sty
(/storage/emulated/0/Android/data/com.litchie.texwriter/texmf-local/TeXinput/pg
futil-common.tex
\pgfutil@everybye=\toks31
)
(/storage/emulated/0/Android/data/com.litchie.texwriter/texmf-local/TeXinput/pg
futil-latex.def
\pgfutil@abb=\box28

(/storage/emulated/0/Android/data/com.litchie.texwriter/texmf-local/TeXinput/ev
eryshi.sty
Package: everyshi 2001/05/15 v3.00 EveryShipout Package (MS)
))
(/storage/emulated/0/Android/data/com.litchie.texwriter/texmf-local/TeXinput/pg
frcs.code.tex
Package: pgfrcs 2010/10/25 v2.10 (rcs-revision 1.24)
))
Package: pgf 2008/01/15 v2.10 (rcs-revision 1.12)

(/storage/emulated/0/Android/data/com.litchie.texwriter/texmf-local/TeXinput/pg
fcore.sty
(/storage/emulated/0/Android/data/com.litchie.texwriter/texmf-dist/TeXinput/gra
phicx.sty
Package: graphicx 1999/02/16 v1.0f Enhanced LaTeX Graphics (DPC,SPQR)

(/storage/emulated/0/Android/data/com.litchie.texwriter/texmf-dist/TeXinput/gra
phics.sty
Package: graphics 2009/02/05 v1.0o Standard LaTeX Graphics (DPC,SPQR)

(/storage/emulated/0/Android/data/com.litchie.texwriter/texmf-dist/TeXinput/tri
g.sty
Package: trig 1999/03/16 v1.09 sin cos tan (DPC)
)
(/storage/emulated/0/Android/data/com.litchie.texwriter/texmf-dist/TeXinput/gra
phics.cfg
File: graphics.cfg 2010/04/23 v1.9 graphics configuration of TeX Live
)
Package graphics Info: Driver file: pdftex.def on input line 91.

(/storage/emulated/0/Android/data/com.litchie.texwriter/texmf-dist/TeXinput/pdf
tex.def
File: pdftex.def 2011/05/27 v0.06d Graphics/color for pdfTeX

(/storage/emulated/0/Android/data/com.litchie.texwriter/texmf-dist/TeXinput/inf
warerr.sty
Package: infwarerr 2010/04/08 v1.3 Providing info/warning/error messages (HO)
)
(/storage/emulated/0/Android/data/com.litchie.texwriter/texmf-dist/TeXinput/ltx
cmds.sty
Package: ltxcmds 2011/11/09 v1.22 LaTeX kernel commands for general use (HO)
)
\Gread@gobject=\count108
))
\Gin@req@height=\dimen138
\Gin@req@width=\dimen139
)
(/storage/emulated/0/Android/data/com.litchie.texwriter/texmf-local/TeXinput/pg
fsys.sty
(/storage/emulated/0/Android/data/com.litchie.texwriter/texmf-local/TeXinput/pg
fsys.code.tex
Package: pgfsys 2010/06/30 v2.10 (rcs-revision 1.37)

(/storage/emulated/0/Android/data/com.litchie.texwriter/texmf-local/TeXinput/pg
fkeys.code.tex
\pgfkeys@pathtoks=\toks32
\pgfkeys@temptoks=\toks33

(/storage/emulated/0/Android/data/com.litchie.texwriter/texmf-local/TeXinput/pg
fkeysfiltered.code.tex
\pgfkeys@tmptoks=\toks34
))
\pgf@x=\dimen140
\pgf@y=\dimen141
\pgf@xa=\dimen142
\pgf@ya=\dimen143
\pgf@xb=\dimen144
\pgf@yb=\dimen145
\pgf@xc=\dimen146
\pgf@yc=\dimen147
\w@pgf@writea=\write3
\r@pgf@reada=\read2
\c@pgf@counta=\count109
\c@pgf@countb=\count110
\c@pgf@countc=\count111
\c@pgf@countd=\count112

(/storage/emulated/0/Android/data/com.litchie.texwriter/texmf-local/TeXinput/pg
f.cfg
File: pgf.cfg 2008/05/14  (rcs-revision 1.7)
)
Package pgfsys Info: Driver file for pgf: pgfsys-pdftex.def on input line 900.

(/storage/emulated/0/Android/data/com.litchie.texwriter/texmf-local/TeXinput/pg
fsys-pdftex.def
File: pgfsys-pdftex.def 2009/05/22  (rcs-revision 1.26)

(/storage/emulated/0/Android/data/com.litchie.texwriter/texmf-local/TeXinput/pg
fsys-common-pdf.def
File: pgfsys-common-pdf.def 2008/05/19  (rcs-revision 1.10)
)))
(/storage/emulated/0/Android/data/com.litchie.texwriter/texmf-local/TeXinput/pg
fsyssoftpath.code.tex
File: pgfsyssoftpath.code.tex 2008/07/18  (rcs-revision 1.7)
\pgfsyssoftpath@smallbuffer@items=\count113
\pgfsyssoftpath@bigbuffer@items=\count114
)
(/storage/emulated/0/Android/data/com.litchie.texwriter/texmf-local/TeXinput/pg
fsysprotocol.code.tex
File: pgfsysprotocol.code.tex 2006/10/16  (rcs-revision 1.4)
))
(/storage/emulated/0/Android/data/com.litchie.texwriter/texmf-local/TeXinput/xc
olor.sty
Package: xcolor 2007/01/21 v2.11 LaTeX color extensions (UK)

(/storage/emulated/0/Android/data/com.litchie.texwriter/texmf-dist/TeXinput/col
or.cfg
File: color.cfg 2007/01/18 v1.5 color configuration of teTeX/TeXLive
)
Package xcolor Info: Driver file: pdftex.def on input line 225.

(/storage/emulated/0/Android/data/com.litchie.texwriter/texmf-local/TeXinput/co
lortbl.sty
Package: colortbl 2012/02/13 v1.0a Color table columns (DPC)
\everycr=\toks35
\minrowclearance=\skip55
)
\rownum=\count115
Package xcolor Info: Model `cmy' substituted by `cmy0' on input line 1337.
Package xcolor Info: Model `hsb' substituted by `rgb' on input line 1341.
Package xcolor Info: Model `RGB' extended on input line 1353.
Package xcolor Info: Model `HTML' substituted by `rgb' on input line 1355.
Package xcolor Info: Model `Hsb' substituted by `hsb' on input line 1356.
Package xcolor Info: Model `tHsb' substituted by `hsb' on input line 1357.
Package xcolor Info: Model `HSB' substituted by `hsb' on input line 1358.
Package xcolor Info: Model `Gray' substituted by `gray' on input line 1359.
Package xcolor Info: Model `wave' substituted by `hsb' on input line 1360.
)
(/storage/emulated/0/Android/data/com.litchie.texwriter/texmf-local/TeXinput/pg
fcore.code.tex
Package: pgfcore 2010/04/11 v2.10 (rcs-revision 1.7)

(/storage/emulated/0/Android/data/com.litchie.texwriter/texmf-local/TeXinput/pg
fmath.code.tex
(/storage/emulated/0/Android/data/com.litchie.texwriter/texmf-local/TeXinput/pg
fmathcalc.code.tex
(/storage/emulated/0/Android/data/com.litchie.texwriter/texmf-local/TeXinput/pg
fmathutil.code.tex)
(/storage/emulated/0/Android/data/com.litchie.texwriter/texmf-local/TeXinput/pg
fmathparser.code.tex
\pgfmath@dimen=\dimen148
\pgfmath@count=\count116
\pgfmath@box=\box29
\pgfmath@toks=\toks36
\pgfmath@stack@operand=\toks37
\pgfmath@stack@operation=\toks38
)
(/storage/emulated/0/Android/data/com.litchie.texwriter/texmf-local/TeXinput/pg
fmathfunctions.code.tex
(/storage/emulated/0/Android/data/com.litchie.texwriter/texmf-local/TeXinput/pg
fmathfunctions.basic.code.tex)
(/storage/emulated/0/Android/data/com.litchie.texwriter/texmf-local/TeXinput/pg
fmathfunctions.trigonometric.code.tex)
(/storage/emulated/0/Android/data/com.litchie.texwriter/texmf-local/TeXinput/pg
fmathfunctions.random.code.tex)
(/storage/emulated/0/Android/data/com.litchie.texwriter/texmf-local/TeXinput/pg
fmathfunctions.comparison.code.tex)
(/storage/emulated/0/Android/data/com.litchie.texwriter/texmf-local/TeXinput/pg
fmathfunctions.base.code.tex)
(/storage/emulated/0/Android/data/com.litchie.texwriter/texmf-local/TeXinput/pg
fmathfunctions.round.code.tex)
(/storage/emulated/0/Android/data/com.litchie.texwriter/texmf-local/TeXinput/pg
fmathfunctions.misc.code.tex)))
(/storage/emulated/0/Android/data/com.litchie.texwriter/texmf-local/TeXinput/pg
fmathfloat.code.tex
\c@pgfmathroundto@lastzeros=\count117
))
(/storage/emulated/0/Android/data/com.litchie.texwriter/texmf-local/TeXinput/pg
fcorepoints.code.tex
File: pgfcorepoints.code.tex 2010/04/09  (rcs-revision 1.20)
\pgf@picminx=\dimen149
\pgf@picmaxx=\dimen150
\pgf@picminy=\dimen151
\pgf@picmaxy=\dimen152
\pgf@pathminx=\dimen153
\pgf@pathmaxx=\dimen154
\pgf@pathminy=\dimen155
\pgf@pathmaxy=\dimen156
\pgf@xx=\dimen157
\pgf@xy=\dimen158
\pgf@yx=\dimen159
\pgf@yy=\dimen160
\pgf@zx=\dimen161
\pgf@zy=\dimen162
)
(/storage/emulated/0/Android/data/com.litchie.texwriter/texmf-local/TeXinput/pg
fcorepathconstruct.code.tex
File: pgfcorepathconstruct.code.tex 2010/08/03  (rcs-revision 1.24)
\pgf@path@lastx=\dimen163
\pgf@path@lasty=\dimen164
)
(/storage/emulated/0/Android/data/com.litchie.texwriter/texmf-local/TeXinput/pg
fcorepathusage.code.tex
File: pgfcorepathusage.code.tex 2008/04/22  (rcs-revision 1.12)
\pgf@shorten@end@additional=\dimen165
\pgf@shorten@start@additional=\dimen166
)
(/storage/emulated/0/Android/data/com.litchie.texwriter/texmf-local/TeXinput/pg
fcorescopes.code.tex
File: pgfcorescopes.code.tex 2010/09/08  (rcs-revision 1.34)
\pgfpic=\box30
\pgf@hbox=\box31
\pgf@layerbox@main=\box32
\pgf@picture@serial@count=\count118
)
(/storage/emulated/0/Android/data/com.litchie.texwriter/texmf-local/TeXinput/pg
fcoregraphicstate.code.tex
File: pgfcoregraphicstate.code.tex 2008/04/22  (rcs-revision 1.9)
\pgflinewidth=\dimen167
)
(/storage/emulated/0/Android/data/com.litchie.texwriter/texmf-local/TeXinput/pg
fcoretransformations.code.tex
File: pgfcoretransformations.code.tex 2009/06/10  (rcs-revision 1.11)
\pgf@pt@x=\dimen168
\pgf@pt@y=\dimen169
\pgf@pt@temp=\dimen170
)
(/storage/emulated/0/Android/data/com.litchie.texwriter/texmf-local/TeXinput/pg
fcorequick.code.tex
File: pgfcorequick.code.tex 2008/10/09  (rcs-revision 1.3)
)
(/storage/emulated/0/Android/data/com.litchie.texwriter/texmf-local/TeXinput/pg
fcoreobjects.code.tex
File: pgfcoreobjects.code.tex 2006/10/11  (rcs-revision 1.2)
)
(/storage/emulated/0/Android/data/com.litchie.texwriter/texmf-local/TeXinput/pg
fcorepathprocessing.code.tex
File: pgfcorepathprocessing.code.tex 2008/10/09  (rcs-revision 1.8)
)
(/storage/emulated/0/Android/data/com.litchie.texwriter/texmf-local/TeXinput/pg
fcorearrows.code.tex
File: pgfcorearrows.code.tex 2008/04/23  (rcs-revision 1.11)
)
(/storage/emulated/0/Android/data/com.litchie.texwriter/texmf-local/TeXinput/pg
fcoreshade.code.tex
File: pgfcoreshade.code.tex 2008/11/23  (rcs-revision 1.13)
\pgf@max=\dimen171
\pgf@sys@shading@range@num=\count119
)
(/storage/emulated/0/Android/data/com.litchie.texwriter/texmf-local/TeXinput/pg
fcoreimage.code.tex
File: pgfcoreimage.code.tex 2010/03/25  (rcs-revision 1.16)

(/storage/emulated/0/Android/data/com.litchie.texwriter/texmf-local/TeXinput/pg
fcoreexternal.code.tex
File: pgfcoreexternal.code.tex 2010/09/01  (rcs-revision 1.17)
\pgfexternal@startupbox=\box33
))
(/storage/emulated/0/Android/data/com.litchie.texwriter/texmf-local/TeXinput/pg
fcorelayers.code.tex
File: pgfcorelayers.code.tex 2010/08/27  (rcs-revision 1.2)
)
(/storage/emulated/0/Android/data/com.litchie.texwriter/texmf-local/TeXinput/pg
fcoretransparency.code.tex
File: pgfcoretransparency.code.tex 2008/01/17  (rcs-revision 1.2)
)
(/storage/emulated/0/Android/data/com.litchie.texwriter/texmf-local/TeXinput/pg
fcorepatterns.code.tex
File: pgfcorepatterns.code.tex 2009/07/02  (rcs-revision 1.3)
)))
(/storage/emulated/0/Android/data/com.litchie.texwriter/texmf-local/TeXinput/pg
fmoduleshapes.code.tex
File: pgfmoduleshapes.code.tex 2010/09/09  (rcs-revision 1.13)
\pgfnodeparttextbox=\box34
)
(/storage/emulated/0/Android/data/com.litchie.texwriter/texmf-local/TeXinput/pg
fmoduleplot.code.tex
File: pgfmoduleplot.code.tex 2010/10/22  (rcs-revision 1.8)
)
(/storage/emulated/0/Android/data/com.litchie.texwriter/texmf-local/TeXinput/pg
fcomp-version-0-65.sty
Package: pgfcomp-version-0-65 2007/07/03 v2.10 (rcs-revision 1.7)
\pgf@nodesepstart=\dimen172
\pgf@nodesepend=\dimen173
)
(/storage/emulated/0/Android/data/com.litchie.texwriter/texmf-local/TeXinput/pg
fcomp-version-1-18.sty
Package: pgfcomp-version-1-18 2007/07/23 v2.10 (rcs-revision 1.1)
))
(/storage/emulated/0/Android/data/com.litchie.texwriter/texmf-local/TeXinput/pg
ffor.sty
(/storage/emulated/0/Android/data/com.litchie.texwriter/texmf-local/TeXinput/pg
fkeys.sty
(/storage/emulated/0/Android/data/com.litchie.texwriter/texmf-local/TeXinput/pg
fkeys.code.tex))
(/storage/emulated/0/Android/data/com.litchie.texwriter/texmf-local/TeXinput/pg
ffor.code.tex
Package: pgffor 2010/03/23 v2.10 (rcs-revision 1.18)
\pgffor@iter=\dimen174
\pgffor@skip=\dimen175
\pgffor@stack=\toks39
\pgffor@toks=\toks40
))
(/storage/emulated/0/Android/data/com.litchie.texwriter/texmf-local/TeXinput/ti
kz.code.tex
Package: tikz 2010/10/13 v2.10 (rcs-revision 1.76)

(/storage/emulated/0/Android/data/com.litchie.texwriter/texmf-local/TeXinput/pg
flibraryplothandlers.code.tex
File: pgflibraryplothandlers.code.tex 2010/05/31 v2.10 (rcs-revision 1.15)
\pgf@plot@mark@count=\count120
\pgfplotmarksize=\dimen176
)
\tikz@lastx=\dimen177
\tikz@lasty=\dimen178
\tikz@lastxsaved=\dimen179
\tikz@lastysaved=\dimen180
\tikzleveldistance=\dimen181
\tikzsiblingdistance=\dimen182
\tikz@figbox=\box35
\tikz@tempbox=\box36
\tikztreelevel=\count121
\tikznumberofchildren=\count122
\tikznumberofcurrentchild=\count123
\tikz@fig@count=\count124

(/storage/emulated/0/Android/data/com.litchie.texwriter/texmf-local/TeXinput/pg
fmodulematrix.code.tex
File: pgfmodulematrix.code.tex 2010/08/24  (rcs-revision 1.4)
\pgfmatrixcurrentrow=\count125
\pgfmatrixcurrentcolumn=\count126
\pgf@matrix@numberofcolumns=\count127
)
\tikz@expandcount=\count128

(/storage/emulated/0/Android/data/com.litchie.texwriter/texmf-local/TeXinput/ti
kzlibrarytopaths.code.tex
File: tikzlibrarytopaths.code.tex 2008/06/17 v2.10 (rcs-revision 1.2)
)))
(/storage/emulated/0/Android/data/com.litchie.texwriter/texmf-local/TeXinput/ti
kzlibraryshapes.geometric.code.tex
File: tikzlibraryshapes.geometric.code.tex 2008/01/09 v2.10 (rcs-revision 1.1)

(/storage/emulated/0/Android/data/com.litchie.texwriter/texmf-local/TeXinput/pg
flibraryshapes.geometric.code.tex
File: pgflibraryshapes.geometric.code.tex 2008/06/26 v2.10 (rcs-revision 1.1)
))
(/storage/emulated/0/Android/data/com.litchie.texwriter/texmf-local/TeXinput/ti
kzlibraryarrows.code.tex
File: tikzlibraryarrows.code.tex 2008/01/09 v2.10 (rcs-revision 1.1)

(/storage/emulated/0/Android/data/com.litchie.texwriter/texmf-local/TeXinput/pg
flibraryarrows.code.tex
File: pgflibraryarrows.code.tex 2008/10/27 v2.10 (rcs-revision 1.9)
\arrowsize=\dimen183
))
(/storage/emulated/0/Android/data/com.litchie.texwriter/texmf-local/TeXinput/ti
kzlibrarycalc.code.tex
File: tikzlibrarycalc.code.tex 2009/09/04 v2.10 (rcs-revision 1.6)
)
(/storage/emulated/0/Android/data/com.litchie.texwriter/texmf-local/TeXinput/ti
kzlibraryintersections.code.tex
(/storage/emulated/0/Android/data/com.litchie.texwriter/texmf-local/TeXinput/pg
flibraryintersections.code.tex
\pgf@intersect@solutions=\count129
))
(/storage/emulated/0/Android/data/com.litchie.texwriter/texmf-local/TeXinput/su
bfiles.sty
Package: subfiles 2012/05/23 Federico Garcia
)
(/storage/emulated/0/Android/data/com.litchie.texwriter/texmf-local/TeXinput/al
gorithm2e.sty
Package: algorithm2e 2008/00/00 v3.10 algorithms environments
\c@AlgoLine=\count130

(/storage/emulated/0/Android/data/com.litchie.texwriter/texmf-dist/TeXinput/ift
hen.sty
Package: ifthen 2001/05/26 v1.1c Standard LaTeX ifthen package (DPC)
)
(/storage/emulated/0/Android/data/com.litchie.texwriter/texmf-local/TeXinput/xs
pace.sty
Package: xspace 2009/10/20 v1.13 Space after command names (DPC,MH)
)
(/storage/emulated/0/Android/data/com.litchie.texwriter/texmf-local/TeXinput/re
lsize.sty
Package: relsize 2011/09/21 ver 4.0
 Examine \normalsize starts \@setfontsize size may be \@xipt. 
Examine \small starts \@setfontsize size may be \@xpt. 
Examine \footnotesize starts \@setfontsize size may be \@ixpt. 
Examine \large starts \@setfontsize size may be \@xiipt. 
Examine \Large starts \@setfontsize size may be \@xivpt. 
Examine \LARGE starts \@setfontsize size may be \@xviipt. 
Examine \scriptsize starts \@setfontsize size may be \@viiipt. 
Examine \tiny starts \@setfontsize size may be \@vipt. 
Examine \huge starts \@setfontsize size may be \@xxpt. 
Examine \Huge starts \@setfontsize size may be \@xxvpt. )
********************************************************
Package `algorithm2e' Release 4.01 -- december 14 2009 --
- algorithm2e-announce@lirmm.fr mailing list for announcement about releases
- algorithm2e-discussion@lirmm.fr mailing list for discussion about package
subscribe by emailing sympa@lirmm.fr with 'subscribe <list> <firstname name>'
- Author: Christophe Fiorio (fiorio@lirmm.fr)
********************************************************
\skiptotal=\skip56
\skiplinenumber=\skip57
\skiprule=\skip58
\skiphlne=\skip59
\skiptext=\skip60
\skiplength=\skip61
\algomargin=\skip62
\skipalgocfslide=\skip63
\algowidth=\dimen184
\inoutsize=\dimen185
\inoutline=\dimen186
\interspacetitleruled=\dimen187
\interspacealgoruled=\dimen188
\interspacetitleboxruled=\dimen189
\algocf@inoutbox=\box37
\algocf@inputbox=\box38
\AlCapSkip=\skip64
\AlCapHSkip=\skip65
\algocf@nlbox=\box39
\algocf@hangingbox=\box40
\algocf@capbox=\box41
\algoheightruledefault=\skip66
\algoheightrule=\skip67
\algotitleheightruledefault=\skip68
\algotitleheightrule=\skip69
\c@algocfline=\count131
\c@algocfproc=\count132
\c@algocf=\count133
\algocf@algoframe=\box42
\algocf@algobox=\box43
)
(/storage/emulated/0/Android/data/com.litchie.texwriter/texmf-local/TeXinput/ro
tating.sty
Package: rotating 2009/03/28 v2.16a rotated objects in LaTeX
\c@r@tfl@t=\count134
\rotFPtop=\skip70
\rotFPbot=\skip71
\rot@float@box=\box44
\rot@mess@toks=\toks41
)
(/storage/emulated/0/Android/data/com.litchie.texwriter/texmf-local/TeXinput/ca
ption.sty
Package: caption 2012/02/19 v3.2f Customizing captions (AR)

(/storage/emulated/0/Android/data/com.litchie.texwriter/texmf-local/TeXinput/ca
ption3.sty
Package: caption3 2012/01/12 v1.4b caption3 kernel (AR)
\captionmargin=\dimen190
\captionmargin@=\dimen191
\captionwidth=\dimen192
\caption@indent=\dimen193
\caption@parindent=\dimen194
\caption@hangindent=\dimen195
)
\c@ContinuedFloat=\count135
Package caption Info: rotating package is loaded.
)
(/storage/emulated/0/Android/data/com.litchie.texwriter/texmf-local/TeXinput/su
bcaption.sty
Package: subcaption 2012/01/12 v1.1d Sub-captions (AR)
\c@subfigure=\count136
\c@subtable=\count137
)
(/storage/emulated/0/Android/data/com.litchie.texwriter/texmf-dist/TeXinput/geo
metry.sty
Package: geometry 2010/09/12 v5.6 Page Geometry

(/storage/emulated/0/Android/data/com.litchie.texwriter/texmf-dist/TeXinput/ifp
df.sty
Package: ifpdf 2011/01/30 v2.3 Provides the ifpdf switch (HO)
Package ifpdf Info: pdfTeX in PDF mode is detected.
)
(/storage/emulated/0/Android/data/com.litchie.texwriter/texmf-dist/TeXinput/ifv
tex.sty
Package: ifvtex 2010/03/01 v1.5 Detect VTeX and its facilities (HO)
Package ifvtex Info: VTeX not detected.
)
(/storage/emulated/0/Android/data/com.litchie.texwriter/texmf-dist/TeXinput/ifx
etex.sty
Package: ifxetex 2010/09/12 v0.6 Provides ifxetex conditional
)
\Gm@cnth=\count138
\Gm@cntv=\count139
\c@Gm@tempcnt=\count140
\Gm@bindingoffset=\dimen196
\Gm@wd@mp=\dimen197
\Gm@odd@mp=\dimen198
\Gm@even@mp=\dimen199
\Gm@layoutwidth=\dimen200
\Gm@layoutheight=\dimen201
\Gm@layouthoffset=\dimen202
\Gm@layoutvoffset=\dimen203
\Gm@dimlist=\toks42
)
(/storage/emulated/0/Android/data/com.litchie.texwriter/texmf-dist/TeXinput/pdf
lscape.sty
Package: pdflscape 2008/08/11 v0.10 Display of landscape pages in PDF (HO)

(/storage/emulated/0/Android/data/com.litchie.texwriter/texmf-dist/TeXinput/lsc
ape.sty
Package: lscape 2000/10/22 v3.01 Landscape Pages (DPC)
)
Package pdflscape Info: Auto-detected driver: pdftex on input line 80.
)
(/storage/emulated/0/Android/data/com.litchie.texwriter/texmf-local/TeXinput/lo
ngtable.sty
Package: longtable 2004/02/01 v4.11 Multi-page Table package (DPC)
\LTleft=\skip72
\LTright=\skip73
\LTpre=\skip74
\LTpost=\skip75
\LTchunksize=\count141
\LTcapwidth=\dimen204
\LT@head=\box45
\LT@firsthead=\box46
\LT@foot=\box47
\LT@lastfoot=\box48
\LT@cols=\count142
\LT@rows=\count143
\c@LT@tables=\count144
\c@LT@chunks=\count145
\LT@p@ftn=\toks43
)
(/storage/emulated/0/Android/data/com.litchie.texwriter/texmf-local/TeXinput/mu
lticol.sty
Package: multicol 2011/06/27 v1.7a multicolumn formatting (FMi)
\c@tracingmulticols=\count146
\mult@box=\box49
\multicol@leftmargin=\dimen205
\c@unbalance=\count147
\c@collectmore=\count148
\doublecol@number=\count149
\multicoltolerance=\count150
\multicolpretolerance=\count151
\full@width=\dimen206
\page@free=\dimen207
\premulticols=\dimen208
\postmulticols=\dimen209
\multicolsep=\skip76
\multicolbaselineskip=\skip77
\partial@page=\box50
\last@line=\box51
\mult@rightbox=\box52
\mult@grightbox=\box53
\mult@gfirstbox=\box54
\mult@firstbox=\box55
\@tempa=\box56
\@tempa=\box57
\@tempa=\box58
\@tempa=\box59
\@tempa=\box60
\@tempa=\box61
\@tempa=\box62
\@tempa=\box63
\@tempa=\box64
\@tempa=\box65
\@tempa=\box66
\@tempa=\box67
\@tempa=\box68
\@tempa=\box69
\@tempa=\box70
\@tempa=\box71
\@tempa=\box72
\c@columnbadness=\count152
\c@finalcolumnbadness=\count153
\last@try=\dimen210
\multicolovershoot=\dimen211
\multicolundershoot=\dimen212
\mult@nat@firstbox=\box73
\colbreak@box=\box74
\multicol@sort@counter=\count154
)
(/storage/emulated/0/Android/data/com.litchie.texwriter/texmf-local/TeXinput/fl
oatrow.sty
Package: floatrow 2008/08/02 v0.3b floatrow: float package extension
\c@float@type=\count155
\float@exts=\toks44
\float@box=\box75
\@floatcapt=\box76
Package floatrow Info: Modified float package code loaded on input line 455.
Package floatrow Info: Modified rotfloat package code loaded on input line 473.

\FR@everyfloat=\toks45
\flrow@foot=\insert233
\FB@wd=\dimen213
\FBo@wd=\dimen214
\FBc@wd=\dimen215
\FBo@ht=\skip78
\FBc@ht=\skip79
\FBf@ht=\skip80
\FBo@max=\skip81
\FBc@max=\skip82
\FBf@max=\skip83
\c@FBl@b=\count156
\floatbox@depth=\count157
\c@FRobj=\count158
\c@FRsobj=\count159
\Xhsize=\skip84
\sXhsize=\skip85
\Zhsize=\skip86
\sZhsize=\skip87
\flrow@rowbox=\box77
\FR@Zunitlength=\dimen216
\c@FBcnt=\count160
\FPOScnt=\count161
\LTleft=\skip88
\LTright=\skip89
\LTleft=\skip90
\LTright=\skip91
\flrow@types=\toks46
)
(/storage/emulated/0/Android/data/com.litchie.texwriter/texmf-local/TeXinput/mo
refloats.sty
Package: morefloats 2012/01/28 v1.0f Raise limit of unprocessed floats (HMM; DH
)

(/storage/emulated/0/Android/data/com.litchie.texwriter/texmf-dist/TeXinput/kvo
ptions.sty
Package: kvoptions 2011/06/30 v3.11 Key value format for package options (HO)

(/storage/emulated/0/Android/data/com.litchie.texwriter/texmf-dist/TeXinput/kvs
etkeys.sty
Package: kvsetkeys 2012/04/25 v1.16 Key value parser (HO)

(/storage/emulated/0/Android/data/com.litchie.texwriter/texmf-dist/TeXinput/ete
xcmds.sty
Package: etexcmds 2011/02/16 v1.5 Avoid name clashes with e-TeX commands (HO)

(/storage/emulated/0/Android/data/com.litchie.texwriter/texmf-dist/TeXinput/ifl
uatex.sty
Package: ifluatex 2010/03/01 v1.3 Provides the ifluatex switch (HO)
Package ifluatex Info: LuaTeX not detected.
)
Package etexcmds Info: Could not find \expanded.
(etexcmds)             That can mean that you are not using pdfTeX 1.50 or
(etexcmds)             that some package has redefined \expanded.
(etexcmds)             In the latter case, load this package earlier.
)))
Package morefloats Info: Maximum number of possible floats asked for: 25.
(morefloats)             LaTeX might run out of memory before this
(morefloats)             (in which case it will notify you).
(morefloats)              on input line 171.
\bx@S=\insert232
\bx@T=\insert231
\bx@U=\insert230
\bx@V=\insert229
\bx@W=\insert228
\bx@X=\insert227
\bx@Y=\insert226
)
(/storage/emulated/0/Android/data/com.litchie.texwriter/texmf-dist/TeXinput/hyp
erref.sty
Package: hyperref 2012/05/13 v6.82q Hypertext links for LaTeX

(/storage/emulated/0/Android/data/com.litchie.texwriter/texmf-dist/TeXinput/hob
sub-hyperref.sty
Package: hobsub-hyperref 2012/05/28 v1.13 Bundle oberdiek, subset hyperref (HO)


(/storage/emulated/0/Android/data/com.litchie.texwriter/texmf-dist/TeXinput/hob
sub-generic.sty
Package: hobsub-generic 2012/05/28 v1.13 Bundle oberdiek, subset generic (HO)
Package: hobsub 2012/05/28 v1.13 Construct package bundles (HO)
Package hobsub Info: Skipping package `infwarerr' (already loaded).
Package hobsub Info: Skipping package `ltxcmds' (already loaded).
Package hobsub Info: Skipping package `ifluatex' (already loaded).
Package hobsub Info: Skipping package `ifvtex' (already loaded).
Package: intcalc 2007/09/27 v1.1 Expandable calculations with integers (HO)
Package hobsub Info: Skipping package `ifpdf' (already loaded).
Package hobsub Info: Skipping package `etexcmds' (already loaded).
Package hobsub Info: Skipping package `kvsetkeys' (already loaded).
Package: kvdefinekeys 2011/04/07 v1.3 Define keys (HO)
Package: pdftexcmds 2011/11/29 v0.20 Utility functions of pdfTeX for LuaTeX (HO
)
Package pdftexcmds Info: LuaTeX not detected.
Package pdftexcmds Info: \pdf@primitive is available.
Package pdftexcmds Info: \pdf@ifprimitive is available.
Package pdftexcmds Info: \pdfdraftmode found.
Package: pdfescape 2011/11/25 v1.13 Implements pdfTeX's escape features (HO)
Package: bigintcalc 2012/04/08 v1.3 Expandable calculations on big integers (HO
)
Package: bitset 2011/01/30 v1.1 Handle bit-vector datatype (HO)
Package: uniquecounter 2011/01/30 v1.2 Provide unlimited unique counter (HO)
)
Package hobsub Info: Skipping package `hobsub' (already loaded).
Package: letltxmacro 2010/09/02 v1.4 Let assignment for LaTeX macros (HO)
Package: hopatch 2012/05/28 v1.2 Wrapper for package hooks (HO)
Package: xcolor-patch 2011/01/30 xcolor patch
Package: atveryend 2011/06/30 v1.8 Hooks at the very end of document (HO)
Package: atbegshi 2011/10/05 v1.16 At begin shipout hook (HO)
Package: refcount 2011/10/16 v3.4 Data extraction from label references (HO)
Package: hycolor 2011/01/30 v1.7 Color options for hyperref/bookmark (HO)
)
\@linkdim=\dimen217
\Hy@linkcounter=\count162
\Hy@pagecounter=\count163

(/storage/emulated/0/Android/data/com.litchie.texwriter/texmf-dist/TeXinput/pd1
enc.def
File: pd1enc.def 2012/05/13 v6.82q Hyperref: PDFDocEncoding definition (HO)
Now handling font encoding PD1 ...
... no UTF-8 mapping file for font encoding PD1
)
\Hy@SavedSpaceFactor=\count164

(/storage/emulated/0/Android/data/com.litchie.texwriter/texmf-dist/TeXinput/hyp
erref.cfg
File: hyperref.cfg 2002/06/06 v1.2 hyperref configuration of TeXLive
)
Package hyperref Info: Hyper figures OFF on input line 4062.
Package hyperref Info: Link nesting OFF on input line 4067.
Package hyperref Info: Hyper index ON on input line 4070.
Package hyperref Info: Plain pages OFF on input line 4077.
Package hyperref Info: Backreferencing OFF on input line 4082.
Package hyperref Info: Implicit mode ON; LaTeX internals redefined.
Package hyperref Info: Bookmarks ON on input line 4300.
\c@Hy@tempcnt=\count165

(/storage/emulated/0/Android/data/com.litchie.texwriter/texmf-dist/TeXinput/url
.sty
\Urlmuskip=\muskip11
Package: url 2006/04/12  ver 3.3  Verb mode for urls, etc.
)
LaTeX Info: Redefining \url on input line 4653.
\Fld@menulength=\count166
\Field@Width=\dimen218
\Fld@charsize=\dimen219
Package hyperref Info: Hyper figures OFF on input line 5773.
Package hyperref Info: Link nesting OFF on input line 5778.
Package hyperref Info: Hyper index ON on input line 5781.
Package hyperref Info: backreferencing OFF on input line 5788.
Package hyperref Info: Link coloring OFF on input line 5793.
Package hyperref Info: Link coloring with OCG OFF on input line 5798.
Package hyperref Info: PDF/A mode OFF on input line 5803.
LaTeX Info: Redefining \ref on input line 5843.
LaTeX Info: Redefining \pageref on input line 5847.
\Hy@abspage=\count167
\c@Item=\count168
\c@Hfootnote=\count169
)

Package hyperref Message: Driver (autodetected): hpdftex.


(/storage/emulated/0/Android/data/com.litchie.texwriter/texmf-dist/TeXinput/hpd
ftex.def
File: hpdftex.def 2012/05/13 v6.82q Hyperref driver for pdfTeX
\Fld@listcount=\count170
\c@bookmark@seq@number=\count171

(/storage/emulated/0/Android/data/com.litchie.texwriter/texmf-dist/TeXinput/rer
unfilecheck.sty
Package: rerunfilecheck 2011/04/15 v1.7 Rerun checks for auxiliary files (HO)

(/storage/emulated/0/Android/data/com.litchie.texwriter/texmf-dist/TeXinput/rer
unfilecheck.cfg)
Package uniquecounter Info: New unique counter `rerunfilecheck' on input line 2
82.
)
\Hy@SectionHShift=\skip92
)
\c@theorem=\count172
\c@remark=\count173
))
No file base.aux.
\openout1 = `base.aux'.

LaTeX Font Info:    Checking defaults for OML/cmm/m/it on input line 3.
LaTeX Font Info:    ... okay on input line 3.
LaTeX Font Info:    Checking defaults for T1/cmr/m/n on input line 3.
LaTeX Font Info:    ... okay on input line 3.
LaTeX Font Info:    Checking defaults for OT1/cmr/m/n on input line 3.
LaTeX Font Info:    ... okay on input line 3.
LaTeX Font Info:    Checking defaults for OMS/cmsy/m/n on input line 3.
LaTeX Font Info:    ... okay on input line 3.
LaTeX Font Info:    Checking defaults for OMX/cmex/m/n on input line 3.
LaTeX Font Info:    ... okay on input line 3.
LaTeX Font Info:    Checking defaults for U/cmr/m/n on input line 3.
LaTeX Font Info:    ... okay on input line 3.
LaTeX Font Info:    Checking defaults for IL2/cmr/m/n on input line 3.
LaTeX Font Info:    ... okay on input line 3.
LaTeX Font Info:    Checking defaults for PD1/pdf/m/n on input line 3.
LaTeX Font Info:    ... okay on input line 3.
ABD: EveryShipout initializing macros
Package caption Info: Begin \AtBeginDocument code.
Package caption Info: float package is loaded.
Package caption Info: floatrow package is loaded.
Package caption Info: hyperref package is loaded.
Package caption Info: longtable package is loaded.

(/storage/emulated/0/Android/data/com.litchie.texwriter/texmf-local/TeXinput/lt
caption.sty
Package: ltcaption 2011/09/12 v1.3 longtable captions (AR)
)
Package caption Info: End \AtBeginDocument code.

*geometry* driver: auto-detecting
*geometry* detected driver: pdftex
*geometry* verbose mode - [ preamble ] result:
* driver: pdftex
* paper: <default>
* layout: <same size as paper>
* layoutoffset:(h,v)=(0.0pt,0.0pt)
* modes: twoside 
* h-part:(L,W,R)=(71.70166pt, 418.25368pt, 107.55254pt)
* v-part:(T,H,B)=(101.40665pt, 591.5302pt, 152.11pt)
* \paperwidth=597.50787pt
* \paperheight=845.04684pt
* \textwidth=418.25368pt
* \textheight=591.5302pt
* \oddsidemargin=-0.56833pt
* \evensidemargin=35.28255pt
* \topmargin=-7.86334pt
* \headheight=12.0pt
* \headsep=25.0pt
* \topskip=11.0pt
* \footskip=30.0pt
* \marginparwidth=103.0pt
* \marginparsep=10.0pt
* \columnsep=10.0pt
* \skip\footins=10.0pt plus 4.0pt minus 2.0pt
* \hoffset=0.0pt
* \voffset=0.0pt
* \mag=1000
* \@twocolumnfalse
* \@twosidetrue
* \@mparswitchtrue
* \@reversemarginfalse
* (1in=72.27pt=25.4mm, 1cm=28.453pt)


(/storage/emulated/0/Android/data/com.litchie.texwriter/texmf-local/TeXinput/fr
-longtable.sty
Package: fr-longtable 2007/11/28 v0.1b (beta) floatrow: additions for longtable

\flrow@LT@lasthead=\box78
\flrow@LT@prelastfoot=\box79
\c@FBLTpage=\count174
)
\AtBeginShipoutBox=\box80
Package hyperref Info: Link coloring OFF on input line 3.

(/storage/emulated/0/Android/data/com.litchie.texwriter/texmf-dist/TeXinput/nam
eref.sty
Package: nameref 2010/04/30 v2.40 Cross-referencing by name of section

(/storage/emulated/0/Android/data/com.litchie.texwriter/texmf-dist/TeXinput/get
titlestring.sty
Package: gettitlestring 2010/12/03 v1.4 Cleanup title references (HO)
)
\c@section@level=\count175
)
LaTeX Info: Redefining \ref on input line 3.
LaTeX Info: Redefining \pageref on input line 3.
LaTeX Info: Redefining \nameref on input line 3.
\@outlinefile=\write4
\openout4 = `base.out'.

LaTeX Font Info:    Try loading font information for U+msa on input line 10.

(/storage/emulated/0/Android/data/com.litchie.texwriter/texmf-dist/TeXinput/ums
a.fd
File: umsa.fd 2009/06/22 v3.00 AMS symbols A
)
LaTeX Font Info:    Try loading font information for U+msb on input line 10.

(/storage/emulated/0/Android/data/com.litchie.texwriter/texmf-dist/TeXinput/ums
b.fd
File: umsb.fd 2009/06/22 v3.00 AMS symbols B
)

LaTeX Warning: Reference `def:beta' on page 1 undefined on input line 15.


LaTeX Warning: Reference `the:betaProperties' on page 1 undefined on input line
 39.


LaTeX Warning: Reference `def:beta' on page 1 undefined on input line 50.


LaTeX Warning: `h' float specifier changed to `ht'.

[1

{/storage/emulated/0/Android/data/com.litchie.texwriter/texmf-dist/TeXinput/pdf
tex.map}]

LaTeX Warning: Reference `the:quasiProperties' on page 2 undefined on input lin
e 173.


LaTeX Warning: Reference `rem:oneInterval' on page 2 undefined on input line 20
2.


LaTeX Warning: Reference `the:scale' on page 2 undefined on input line 202.


LaTeX Warning: Reference `rem:oneInterval' on page 2 undefined on input line 20
2.


LaTeX Warning: Reference `fig:onedimensional' on page 2 undefined on input line
 207.

[2]

LaTeX Warning: Reference `table:spaces' on page 3 undefined on input line 215.


Underfull \hbox (badness 10000) in paragraph at lines 272--273

 []


LaTeX Warning: Reference `def:distancesNotation' on page 3 undefined on input l
ine 303.


LaTeX Warning: Reference `def:distancesNotation' on page 3 undefined on input l
ine 303.


LaTeX Warning: Reference `def:distancesNotation' on page 3 undefined on input l
ine 303.


LaTeX Warning: Reference `def:distancesNotation' on page 3 undefined on input l
ine 303.

[3]
LaTeX Font Info:    Try loading font information for OMS+cmr on input line 312.


(/storage/emulated/0/Android/data/com.litchie.texwriter/texmf-dist/TeXinput/oms
cmr.fd
File: omscmr.fd 1999/05/25 v2.5h Standard LaTeX font definitions
)
LaTeX Font Info:    Font shape `OMS/cmr/m/it' in size <10.95> not available
(Font)              Font shape `OMS/cmsy/m/n' tried instead on input line 312.
 [4]
Overfull \hbox (25.23178pt too wide) in paragraph at lines 392--394
\IL2/cmr/m/it/10.95 Then $\OT1/cmr/m/n/10.95 (\OMS/cmsy/m/n/10.95 8\OML/cmm/m/i
t/10.95 i \OMS/cmsy/m/n/10.95 2 [] [ f\OT1/cmr/m/n/10.95 0\OMS/cmsy/m/n/10.95 g
\OT1/cmr/m/n/10.95 )(\OMS/cmsy/m/n/10.95 8[][]\OML/cmm/m/it/10.95 ; [][] \OMS/c
msy/m/n/10.95 2 \OT1/cmr/m/n/10.95 (\OML/cmm/m/it/10.95 z[]; z[]\OT1/cmr/m/n/10
.95 ))$ \IL2/cmr/m/it/10.95 are words $\OML/cmm/m/it/10.95 t[]t[] [] t[]$ \IL2/
cmr/m/it/10.95 and $\OML/cmm/m/it/10.95 t[]t[] [] t[]$
 []


LaTeX Warning: Reference `the:spaces:iteration' on page 5 undefined on input li
ne 397.

[5]

LaTeX Warning: Reference `the:sameSpaces' on page 6 undefined on input line 422
.


LaTeX Warning: Reference `the:spaces:iteration' on page 6 undefined on input li
ne 422.


LaTeX Warning: Reference `the:twoToOne' on page 6 undefined on input line 457.

[6]

LaTeX Warning: Reference `def:starFunction' on page 7 undefined on input line 4
75.


LaTeX Warning: Reference `the:quasiProperties' on page 7 undefined on input lin
e 487.


LaTeX Warning: Reference `the:twoToOne' on page 7 undefined on input line 499.

LaTeX Font Info:    Font shape `OMS/cmr/m/n' in size <10.95> not available
(Font)              Font shape `OMS/cmsy/m/n' tried instead on input line 504.
Package atveryend Info: Empty hook `BeforeClearDocument' on input line 508.
[7]
Package atveryend Info: Empty hook `AfterLastShipout' on input line 508.
 (base.aux)
Package atveryend Info: Executing hook `AtVeryEndDocument' on input line 508.
Package atveryend Info: Executing hook `AtEndAfterFileList' on input line 508.


Package rerunfilecheck Warning: File `base.out' has changed.
(rerunfilecheck)                Rerun to get outlines right
(rerunfilecheck)                or use package `bookmark'.

Package rerunfilecheck Info: Checksums for `base.out':
(rerunfilecheck)             Before: <no file>
(rerunfilecheck)             After:  6B07B042E21726C5462FE643105B6EBA;369.

LaTeX Warning: There were undefined references.


LaTeX Warning: Label(s) may have changed. Rerun to get cross-references right.

 ) 
Here is how much of TeX's memory you used:
 19683 strings out of 43499
 349095 string characters out of 893906
 594072 words of memory out of 1000000
 22569 multiletter control sequences out of 15000+40000
 15707 words of font info for 49 fonts, out of 300000 for 1000
 957 hyphenation exceptions out of 9000
 71i,21n,57p,569b,768s stack positions out of 300i,50n,200p,100000b,4000s
</storage/emulated/0/Android/data/com.litchie.texwriter/texmf-dist/TeXinput/c
mex10.pfb></storage/emulated/0/Android/data/com.litchie.texwriter/texmf-dist/Te
Xinput/cmmi10.pfb></storage/emulated/0/Android/data/com.litchie.texwriter/texmf
-dist/TeXinput/cmmi6.pfb></storage/emulated/0/Android/data/com.litchie.texwrite
r/texmf-dist/TeXinput/cmmi8.pfb></storage/emulated/0/Android/data/com.litchie.t
exwriter/texmf-dist/TeXinput/cmmib8.pfb></storage/emulated/0/Android/data/com.l
itchie.texwriter/texmf-dist/TeXinput/cmr10.pfb></storage/emulated/0/Android/dat
a/com.litchie.texwriter/texmf-dist/TeXinput/cmr6.pfb></storage/emulated/0/Andro
id/data/com.litchie.texwriter/texmf-dist/TeXinput/cmr8.pfb></storage/emulated/0
/Android/data/com.litchie.texwriter/texmf-dist/TeXinput/cmsy10.pfb></storage/em
ulated/0/Android/data/com.litchie.texwriter/texmf-dist/TeXinput/cmsy8.pfb></sto
rage/emulated/0/Android/data/com.litchie.texwriter/texmf-local/TeXinput/csbx10.
pfb></storage/emulated/0/Android/data/com.litchie.texwriter/texmf-local/TeXinpu
t/csbx12.pfb></storage/emulated/0/Android/data/com.litchie.texwriter/texmf-loca
l/TeXinput/csbxti10.pfb></storage/emulated/0/Android/data/com.litchie.texwriter
/texmf-local/TeXinput/csr10.pfb></storage/emulated/0/Android/data/com.litchie.t
exwriter/texmf-local/TeXinput/csti10.pfb></storage/emulated/0/Android/data/com.
litchie.texwriter/texmf-dist/TeXinput/msbm10.pfb>
Output written on base.pdf (7 pages, 214847 bytes).
PDF statistics:
 167 PDF objects out of 1000 (max. 8388607)
 59 named destinations out of 1000 (max. 500000)
 13 words of extra memory for PDF output out of 10000 (max. 10000000)

